<?xml version="1.0" encoding="UTF-8"?>
<!-- Generated by org.testng.reporters.JUnitReportReporter -->
<testsuite skipped="0" hostname="LAPTOP-6F5IMLR2" name="api.test.DataDrivenTest" tests="6" failures="0" timestamp="25 Apr 2023 10:15:23 GMT" time="13.135" errors="0">
  <testcase name="testPostUser" time="3.637" classname="api.test.DataDrivenTest"/>
  <testcase name="testPostUser" time="2.541" classname="api.test.DataDrivenTest"/>
  <testcase name="testPostUser" time="1.619" classname="api.test.DataDrivenTest"/>
  <testcase name="testDeleteUser" time="1.525" classname="api.test.DataDrivenTest"/>
  <testcase name="testDeleteUser" time="1.621" classname="api.test.DataDrivenTest"/>
  <testcase name="testDeleteUser" time="2.192" classname="api.test.DataDrivenTest"/>
</testsuite> <!-- api.test.DataDrivenTest -->
