<?xml version="1.0" encoding="UTF-8"?>
<!-- Generated by org.testng.reporters.JUnitReportReporter -->
<testsuite skipped="0" hostname="LAPTOP-6F5IMLR2" name="api.test.UserTest" tests="4" failures="0" timestamp="25 Apr 2023 18:48:51 GMT" time="6.049" errors="0">
  <testcase name="testPostUser" time="1.240" classname="api.test.UserTest"/>
  <testcase name="testGetUserByName" time="1.827" classname="api.test.UserTest"/>
  <testcase name="testUpdateByName" time="1.336" classname="api.test.UserTest"/>
  <testcase name="testDeleteData" time="1.646" classname="api.test.UserTest"/>
</testsuite> <!-- api.test.UserTest -->
