<?xml version="1.0" encoding="UTF-8"?>
<!-- Generated by org.testng.reporters.JUnitReportReporter -->
<testsuite skipped="0" hostname="LAPTOP-6F5IMLR2" name="api.test.DataDrivenTest" tests="6" failures="0" timestamp="25 Apr 2023 18:48:51 GMT" time="9.913" errors="0">
  <testcase name="testPostUser" time="2.604" classname="api.test.DataDrivenTest"/>
  <testcase name="testPostUser" time="1.274" classname="api.test.DataDrivenTest"/>
  <testcase name="testPostUser" time="1.269" classname="api.test.DataDrivenTest"/>
  <testcase name="testDeleteUser" time="2.208" classname="api.test.DataDrivenTest"/>
  <testcase name="testDeleteUser" time="1.270" classname="api.test.DataDrivenTest"/>
  <testcase name="testDeleteUser" time="1.288" classname="api.test.DataDrivenTest"/>
</testsuite> <!-- api.test.DataDrivenTest -->
